<?xml version="1.0" encoding="UTF-8"?>
<!-- Generated by org.testng.reporters.JUnitXMLReporter -->
<testsuite ignored="0" hostname="Dell" failures="0" tests="1" name="Test1" time="4.561" errors="0" timestamp="2023-04-13T16:29:21 IST">
  <testcase classname="generic_utility.BaseClass" name="@BeforeMethod BM" time="-1.681383561667E9">
    <failure type="org.testng.TestNGException" message="
Parameter &amp;apos;URL&amp;apos; is required by BeforeMethod on method BM but has not been marked @Optional or defined
in E:\Eclipse Workspace\SeleniumFramework\crossbrowsertestng.xml">
      <![CDATA[org.testng.TestNGException: 
Parameter 'URL' is required by BeforeMethod on method BM but has not been marked @Optional or defined
in E:\Eclipse Workspace\SeleniumFramework\crossbrowsertestng.xml
at java.base/java.util.ArrayList.forEach(ArrayList.java:1511)
at java.base/java.util.concurrent.FutureTask.run(FutureTask.java:317)
at java.base/java.util.concurrent.ThreadPoolExecutor.runWorker(ThreadPoolExecutor.java:1144)
at java.base/java.util.concurrent.ThreadPoolExecutor$Worker.run(ThreadPoolExecutor.java:642)
at java.base/java.lang.Thread.run(Thread.java:1623)
... Removed 19 stack frames]]>
    </failure>
  </testcase> <!-- @BeforeMethod BM -->
  <testcase classname="generic_utility.BaseClass" name="@AfterMethod AM" time="-1.681383561732E9">
    <skipped/>
  </testcase> <!-- @AfterMethod AM -->
  <testcase classname="generic_utility.BaseClass" name="@AfterClass AC" time="-1.681383561756E9">
    <skipped/>
  </testcase> <!-- @AfterClass AC -->
  <testcase classname="campaigns.CreateCampaignTest" name="CreateCampaign" time="0.0">
    <skipped/>
  </testcase> <!-- CreateCampaign -->
</testsuite> <!-- Test1 -->
